configure: WARNING: unrecognized options: --with-flex, --with-bison
checking for a BSD-compatible install... /usr/bin/install -c
checking whether build environment is sane... yes
checking for a race-free mkdir -p... /usr/bin/mkdir -p
checking for gawk... no
checking for mawk... mawk
checking whether make sets $(MAKE)... yes
checking whether make supports nested variables... yes
checking build system type... x86_64-pc-linux-gnu
checking host system type... x86_64-pc-linux-gnu
checking whether make sets $(MAKE)... (cached) yes
checking for g++... g++
checking whether the C++ compiler works... yes
checking for C++ compiler default output file name... a.out
checking for suffix of executables... 
checking whether we are cross compiling... no
checking for suffix of object files... o
checking whether the compiler supports GNU C++... yes
checking whether g++ accepts -g... yes
checking for g++ option to enable C++11 features... none needed
checking whether make supports the include directive... yes (GNU style)
checking dependency style of g++... gcc3
checking for gcc... gcc
checking whether the compiler supports GNU C... yes
checking whether gcc accepts -g... yes
checking for gcc option to enable C11 features... none needed
checking whether gcc understands -c and -o together... yes
checking dependency style of gcc... gcc3
checking for flex... flex
checking for lex output file root... lex.yy
checking for lex library... none needed
checking for library containing yywrap... -ll
checking whether yytext is a pointer... yes
checking for bison... bison -y
checking how to run the C preprocessor... gcc -E
checking for ranlib... ranlib
checking whether ln -s works... yes
checking for gawk... (cached) mawk
checking for ar... ar
checking for stdio.h... yes
checking for stdlib.h... yes
checking for string.h... yes
checking for inttypes.h... yes
checking for stdint.h... yes
checking for strings.h... yes
checking for sys/stat.h... yes
checking for sys/types.h... yes
checking for unistd.h... yes
checking for sys/time.h... yes
checking for arpa/inet.h... yes
checking for locale.h... yes
checking for xlocale.h... no
checking for errno.h... yes
checking for fcntl.h... yes
checking for ctype.h... yes
checking for limits.h... yes
checking for float.h... yes
checking for math.h... yes
checking for netdb.h... yes
checking for netinet/in.h... yes
checking for stdlib.h... (cached) yes
checking for string.h... (cached) yes
checking for strings.h... (cached) yes
checking for stdint.h... (cached) yes
checking for inttypes.h... (cached) yes
checking for time.h... yes
checking for sys/inttypes.h... no
checking for sys/socket.h... yes
checking for sys/types.h... (cached) yes
checking for sys/time.h... (cached) yes
checking for sys/timeb.h... yes
checking for unistd.h... (cached) yes
checking for poll.h... yes
checking for openssl/ssl.h... yes
checking for gnutls/gnutls.h... no
checking for wolfssl/ssl.h... no
checking for zlib.h... yes
checking for socklen_t... yes
checking for an ANSI C-conforming const... yes
checking for size_t... yes
checking whether struct tm is in sys/time.h or time.h... time.h
checking for struct tm.tm_gmtoff... yes
checking for struct tm.__tm_gmtoff... no
checking for alarm... yes
checking for working mktime... yes
checking for strftime... yes
checking for random... yes
checking for gettimeofday... yes
checking for ftime... yes
checking for localtime_r... yes
checking for timegm... yes
checking for gmtime... yes
checking for gmtime_r... yes
checking for asctime... yes
checking for asctime_r... yes
checking for memset... yes
checking for select... yes
checking for socket... yes
checking for snprintf... yes
checking for strchr... yes
checking for strerror... yes
checking for strerror_r... yes
checking for strlcpy... no
checking for strlcat... no
checking for strrchr... yes
checking for strstr... yes
checking for strtol... yes
checking for strtoul... yes
checking for strtoll... yes
checking for strtoull... yes
checking for strtold... yes
checking for strtod... yes
checking for strtof... yes
checking for strtold_l... yes
checking for strtod_l... yes
checking for strtof_l... yes
checking for sscanf... yes
checking for sscanf_l... no
checking for snprintf... (cached) yes
checking for sprintf_l... no
checking for poll... yes
checking for newlocale... yes
checking for uselocale... yes
checking for freelocale... yes
checking for isnan... yes
checking for isinf... yes
checking for gethostbyname_r... yes
checking for GNU libc compatible malloc... yes
checking for disable namespaces in library... no
checking for enable xlocale usage in library... no
checking for disable c locale usage in library... no
checking for enable ipv6 in library... no
checking for enable ipv6-v6only in library... no
checking for disable openssl in library... no
checking for enable gnutls or wolfssl in library... no
checking that generated files are newer than configure... done
configure: creating ./config.status
config.status: creating Makefile
config.status: creating gsoap.pc
config.status: creating gsoap++.pc
config.status: creating gsoapck.pc
config.status: creating gsoapck++.pc
config.status: creating gsoapssl.pc
config.status: creating gsoapssl++.pc
config.status: creating gsoap/Makefile
config.status: creating gsoap/src/Makefile
config.status: creating gsoap/wsdl/Makefile
config.status: creating gsoap/samples/Makefile
config.status: creating gsoap/samples/autotest/Makefile
config.status: creating gsoap/samples/aws/Makefile
config.status: creating gsoap/samples/calc/Makefile
config.status: creating gsoap/samples/calc++/Makefile
config.status: creating gsoap/samples/chaining/Makefile
config.status: creating gsoap/samples/chaining++/Makefile
config.status: creating gsoap/samples/databinding/Makefile
config.status: creating gsoap/samples/dime/Makefile
config.status: creating gsoap/samples/dom/Makefile
config.status: creating gsoap/samples/oneway/Makefile
config.status: creating gsoap/samples/oneway++/Makefile
config.status: creating gsoap/samples/factory/Makefile
config.status: creating gsoap/samples/factorytest/Makefile
config.status: creating gsoap/samples/gmt/Makefile
config.status: creating gsoap/samples/googleapi/Makefile
config.status: creating gsoap/samples/hello/Makefile
config.status: creating gsoap/samples/httpcookies/Makefile
config.status: creating gsoap/samples/lu/Makefile
config.status: creating gsoap/samples/magic/Makefile
config.status: creating gsoap/samples/mashup/Makefile
config.status: creating gsoap/samples/mashup++/Makefile
config.status: creating gsoap/samples/mtom/Makefile
config.status: creating gsoap/samples/mtom-stream/Makefile
config.status: creating gsoap/samples/polytest/Makefile
config.status: creating gsoap/samples/primes/Makefile
config.status: creating gsoap/samples/roll/Makefile
config.status: creating gsoap/samples/router/Makefile
config.status: creating gsoap/samples/atom/Makefile
config.status: creating gsoap/samples/rss/Makefile
config.status: creating gsoap/samples/ssl/Makefile
config.status: creating gsoap/samples/template/Makefile
config.status: creating gsoap/samples/udp/Makefile
config.status: creating gsoap/samples/tcp/Makefile
config.status: creating gsoap/samples/varparam/Makefile
config.status: creating gsoap/samples/wsa/Makefile
config.status: creating gsoap/samples/wsrm/Makefile
config.status: creating gsoap/samples/wsse/Makefile
config.status: creating gsoap/samples/wst/Makefile
config.status: creating gsoap/samples/xml-rpc-json/Makefile
config.status: creating gsoap/samples/rest/Makefile
config.status: creating gsoap/samples/testmsgr/Makefile
config.status: creating gsoap/samples/async/Makefile
config.status: creating config.h
config.status: executing depfiles commands
configure: WARNING: unrecognized options: --with-flex, --with-bison
