(CDPATH="${ZSH_VERSION+.}:" && cd . && /bin/bash '/home/nlj/workspace1/P000_rk3576_zs/project_root/temp/gsoap-2.8/missing' autoheader)
rm -f stamp-h1
touch config.h.in
cd . && /bin/bash ./config.status config.h
config.status: creating config.h
config.status: config.h is unchanged
make  all-recursive
make[1]: Entering directory '/home/nlj/workspace1/P000_rk3576_zs/project_root/temp/gsoap-2.8'
Making all in .
make[2]: Entering directory '/home/nlj/workspace1/P000_rk3576_zs/project_root/temp/gsoap-2.8'
make[2]: Leaving directory '/home/nlj/workspace1/P000_rk3576_zs/project_root/temp/gsoap-2.8'
Making all in gsoap
make[2]: Entering directory '/home/nlj/workspace1/P000_rk3576_zs/project_root/temp/gsoap-2.8/gsoap'
ln -s -f ../gsoap/stdsoap2.cpp stdsoap2_cpp.cpp
ln -s -f ../gsoap/dom.cpp dom_cpp.cpp
ln -s -f ../gsoap/stdsoap2.cpp stdsoap2_ck.c
ln -s -f ../gsoap/stdsoap2.cpp stdsoap2_ck_cpp.cpp
ln -s -f ../gsoap/stdsoap2.cpp stdsoap2_ssl.c
ln -s -f ../gsoap/stdsoap2.cpp stdsoap2_ssl_cpp.cpp
make  all-recursive
make[3]: Entering directory '/home/nlj/workspace1/P000_rk3576_zs/project_root/temp/gsoap-2.8/gsoap'
Making all in .
make[4]: Entering directory '/home/nlj/workspace1/P000_rk3576_zs/project_root/temp/gsoap-2.8/gsoap'
gcc -DHAVE_CONFIG_H -I. -I..         -DLINUX -g -O2 -MT libgsoap_a-stdsoap2.o -MD -MP -MF .deps/libgsoap_a-stdsoap2.Tpo -c -o libgsoap_a-stdsoap2.o `test -f 'stdsoap2.c' || echo './'`stdsoap2.c
gcc -DHAVE_CONFIG_H -I. -I..         -DLINUX -g -O2 -MT libgsoap_a-dom.o -MD -MP -MF .deps/libgsoap_a-dom.Tpo -c -o libgsoap_a-dom.o `test -f 'dom.c' || echo './'`dom.c
g++ -DHAVE_CONFIG_H -I. -I..         -DLINUX -g -O2 -MT libgsoap___a-stdsoap2_cpp.o -MD -MP -MF .deps/libgsoap___a-stdsoap2_cpp.Tpo -c -o libgsoap___a-stdsoap2_cpp.o `test -f 'stdsoap2_cpp.cpp' || echo './'`stdsoap2_cpp.cpp
g++ -DHAVE_CONFIG_H -I. -I..         -DLINUX -g -O2 -MT libgsoap___a-dom_cpp.o -MD -MP -MF .deps/libgsoap___a-dom_cpp.Tpo -c -o libgsoap___a-dom_cpp.o `test -f 'dom_cpp.cpp' || echo './'`dom_cpp.cpp
mv -f .deps/libgsoap_a-dom.Tpo .deps/libgsoap_a-dom.Po
gcc -DHAVE_CONFIG_H -I. -I..         -DLINUX -DWITH_COOKIES -g -O2 -MT libgsoapck_a-stdsoap2_ck.o -MD -MP -MF .deps/libgsoapck_a-stdsoap2_ck.Tpo -c -o libgsoapck_a-stdsoap2_ck.o `test -f 'stdsoap2_ck.c' || echo './'`stdsoap2_ck.c
mv -f .deps/libgsoap___a-dom_cpp.Tpo .deps/libgsoap___a-dom_cpp.Po
gcc -DHAVE_CONFIG_H -I. -I..         -DLINUX -DWITH_COOKIES -g -O2 -MT libgsoapck_a-dom.o -MD -MP -MF .deps/libgsoapck_a-dom.Tpo -c -o libgsoapck_a-dom.o `test -f 'dom.c' || echo './'`dom.c
mv -f .deps/libgsoapck_a-dom.Tpo .deps/libgsoapck_a-dom.Po
g++ -DHAVE_CONFIG_H -I. -I..         -DLINUX -DWITH_COOKIES -g -O2 -MT libgsoapck___a-stdsoap2_ck_cpp.o -MD -MP -MF .deps/libgsoapck___a-stdsoap2_ck_cpp.Tpo -c -o libgsoapck___a-stdsoap2_ck_cpp.o `test -f 'stdsoap2_ck_cpp.cpp' || echo './'`stdsoap2_ck_cpp.cpp
mv -f .deps/libgsoap_a-stdsoap2.Tpo .deps/libgsoap_a-stdsoap2.Po
g++ -DHAVE_CONFIG_H -I. -I..         -DLINUX -DWITH_COOKIES -g -O2 -MT libgsoapck___a-dom_cpp.o -MD -MP -MF .deps/libgsoapck___a-dom_cpp.Tpo -c -o libgsoapck___a-dom_cpp.o `test -f 'dom_cpp.cpp' || echo './'`dom_cpp.cpp
mv -f .deps/libgsoap___a-stdsoap2_cpp.Tpo .deps/libgsoap___a-stdsoap2_cpp.Po
gcc -DHAVE_CONFIG_H -I. -I..         -DLINUX -I/home/nlj/workspace1/P000_rk3576_zs/project_root/platform/x86/bsp/openssl/include -DWITH_OPENSSL -DWITH_GZIP -DWITH_DOM -DWITH_COOKIES -g -O2 -MT libgsoapssl_a-stdsoap2_ssl.o -MD -MP -MF .deps/libgsoapssl_a-stdsoap2_ssl.Tpo -c -o libgsoapssl_a-stdsoap2_ssl.o `test -f 'stdsoap2_ssl.c' || echo './'`stdsoap2_ssl.c
mv -f .deps/libgsoapck___a-dom_cpp.Tpo .deps/libgsoapck___a-dom_cpp.Po
gcc -DHAVE_CONFIG_H -I. -I..         -DLINUX -I/home/nlj/workspace1/P000_rk3576_zs/project_root/platform/x86/bsp/openssl/include -DWITH_OPENSSL -DWITH_GZIP -DWITH_DOM -DWITH_COOKIES -g -O2 -MT libgsoapssl_a-dom.o -MD -MP -MF .deps/libgsoapssl_a-dom.Tpo -c -o libgsoapssl_a-dom.o `test -f 'dom.c' || echo './'`dom.c
mv -f .deps/libgsoapck_a-stdsoap2_ck.Tpo .deps/libgsoapck_a-stdsoap2_ck.Po
g++ -DHAVE_CONFIG_H -I. -I..         -DLINUX -I/home/nlj/workspace1/P000_rk3576_zs/project_root/platform/x86/bsp/openssl/include -DWITH_OPENSSL -DWITH_GZIP -DWITH_DOM -DWITH_COOKIES -g -O2 -MT libgsoapssl___a-stdsoap2_ssl_cpp.o -MD -MP -MF .deps/libgsoapssl___a-stdsoap2_ssl_cpp.Tpo -c -o libgsoapssl___a-stdsoap2_ssl_cpp.o `test -f 'stdsoap2_ssl_cpp.cpp' || echo './'`stdsoap2_ssl_cpp.cpp
mv -f .deps/libgsoapssl_a-dom.Tpo .deps/libgsoapssl_a-dom.Po
g++ -DHAVE_CONFIG_H -I. -I..         -DLINUX -I/home/nlj/workspace1/P000_rk3576_zs/project_root/platform/x86/bsp/openssl/include -DWITH_OPENSSL -DWITH_GZIP -DWITH_DOM -DWITH_COOKIES -g -O2 -MT libgsoapssl___a-dom_cpp.o -MD -MP -MF .deps/libgsoapssl___a-dom_cpp.Tpo -c -o libgsoapssl___a-dom_cpp.o `test -f 'dom_cpp.cpp' || echo './'`dom_cpp.cpp
mv -f .deps/libgsoapck___a-stdsoap2_ck_cpp.Tpo .deps/libgsoapck___a-stdsoap2_ck_cpp.Po
rm -f libgsoap.a
ar cru libgsoap.a libgsoap_a-stdsoap2.o libgsoap_a-dom.o 
ar: `u' modifier ignored since `D' is the default (see `U')
ranlib libgsoap.a
rm -f libgsoap++.a
ar cru libgsoap++.a libgsoap___a-stdsoap2_cpp.o libgsoap___a-dom_cpp.o 
ar: `u' modifier ignored since `D' is the default (see `U')
ranlib libgsoap++.a
mv -f .deps/libgsoapssl___a-dom_cpp.Tpo .deps/libgsoapssl___a-dom_cpp.Po
rm -f libgsoapck.a
rm -f libgsoapck++.a
ar cru libgsoapck.a libgsoapck_a-stdsoap2_ck.o libgsoapck_a-dom.o 
ar cru libgsoapck++.a libgsoapck___a-stdsoap2_ck_cpp.o libgsoapck___a-dom_cpp.o 
ar: `u' modifier ignored since `D' is the default (see `U')
ar: `u' modifier ignored since `D' is the default (see `U')
ranlib libgsoapck.a
ranlib libgsoapck++.a
mv -f .deps/libgsoapssl_a-stdsoap2_ssl.Tpo .deps/libgsoapssl_a-stdsoap2_ssl.Po
rm -f libgsoapssl.a
ar cru libgsoapssl.a libgsoapssl_a-stdsoap2_ssl.o libgsoapssl_a-dom.o 
ar: `u' modifier ignored since `D' is the default (see `U')
ranlib libgsoapssl.a
mv -f .deps/libgsoapssl___a-stdsoap2_ssl_cpp.Tpo .deps/libgsoapssl___a-stdsoap2_ssl_cpp.Po
rm -f libgsoapssl++.a
ar cru libgsoapssl++.a libgsoapssl___a-stdsoap2_ssl_cpp.o libgsoapssl___a-dom_cpp.o 
ar: `u' modifier ignored since `D' is the default (see `U')
ranlib libgsoapssl++.a
make[4]: Leaving directory '/home/nlj/workspace1/P000_rk3576_zs/project_root/temp/gsoap-2.8/gsoap'
Making all in src
make[4]: Entering directory '/home/nlj/workspace1/P000_rk3576_zs/project_root/temp/gsoap-2.8/gsoap/src'
/bin/bash ../../ylwrap soapcpp2_yacc.y y.tab.c soapcpp2_yacc.c y.tab.h `echo soapcpp2_yacc.c | sed -e s/cc$/hh/ -e s/cpp$/hpp/ -e s/cxx$/hxx/ -e s/c++$/h++/ -e s/c$/h/` y.output soapcpp2_yacc.output -- bison -y -d -v 
/home/nlj/workspace1/P000_rk3576_zs/project_root/temp/gsoap-2.8/gsoap/src/soapcpp2_yacc.y: warning: 1 shift/reduce conflict [-Wconflicts-sr]
/home/nlj/workspace1/P000_rk3576_zs/project_root/temp/gsoap-2.8/gsoap/src/soapcpp2_yacc.y: note: rerun with option '-Wcounterexamples' to generate conflict counterexamples
updating soapcpp2_yacc.output
updating soapcpp2_yacc.h
make  all-am
make[5]: Entering directory '/home/nlj/workspace1/P000_rk3576_zs/project_root/temp/gsoap-2.8/gsoap/src'
gcc -DHAVE_CONFIG_H -I. -I../..    -DWITH_BISON -DWITH_FLEX  -DSOAPCPP2_IMPORT_PATH="\"/home/nlj/workspace1/P000_rk3576_zs/project_root/platform/x86/bsp/gsoap/share/gsoap/import\"" -DLINUX -g -O2 -MT soapcpp2-soapcpp2_yacc.o -MD -MP -MF .deps/soapcpp2-soapcpp2_yacc.Tpo -c -o soapcpp2-soapcpp2_yacc.o `test -f 'soapcpp2_yacc.c' || echo './'`soapcpp2_yacc.c
/bin/bash ../../ylwrap soapcpp2_lex.l lex.yy.c soapcpp2_lex.c -- flex -l 
gcc -DHAVE_CONFIG_H -I. -I../..    -DWITH_BISON -DWITH_FLEX  -DSOAPCPP2_IMPORT_PATH="\"/home/nlj/workspace1/P000_rk3576_zs/project_root/platform/x86/bsp/gsoap/share/gsoap/import\"" -DLINUX -g -O2 -MT soapcpp2-symbol2.o -MD -MP -MF .deps/soapcpp2-symbol2.Tpo -c -o soapcpp2-symbol2.o `test -f 'symbol2.c' || echo './'`symbol2.c
gcc -DHAVE_CONFIG_H -I. -I../..    -DWITH_BISON -DWITH_FLEX  -DSOAPCPP2_IMPORT_PATH="\"/home/nlj/workspace1/P000_rk3576_zs/project_root/platform/x86/bsp/gsoap/share/gsoap/import\"" -DLINUX -g -O2 -MT soapcpp2-error2.o -MD -MP -MF .deps/soapcpp2-error2.Tpo -c -o soapcpp2-error2.o `test -f 'error2.c' || echo './'`error2.c
mv -f .deps/soapcpp2-error2.Tpo .deps/soapcpp2-error2.Po
gcc -DHAVE_CONFIG_H -I. -I../..    -DWITH_BISON -DWITH_FLEX  -DSOAPCPP2_IMPORT_PATH="\"/home/nlj/workspace1/P000_rk3576_zs/project_root/platform/x86/bsp/gsoap/share/gsoap/import\"" -DLINUX -g -O2 -MT soapcpp2-init2.o -MD -MP -MF .deps/soapcpp2-init2.Tpo -c -o soapcpp2-init2.o `test -f 'init2.c' || echo './'`init2.c
gcc -DHAVE_CONFIG_H -I. -I../..    -DWITH_BISON -DWITH_FLEX  -DSOAPCPP2_IMPORT_PATH="\"/home/nlj/workspace1/P000_rk3576_zs/project_root/platform/x86/bsp/gsoap/share/gsoap/import\"" -DLINUX -g -O2 -MT soapcpp2-soapcpp2.o -MD -MP -MF .deps/soapcpp2-soapcpp2.Tpo -c -o soapcpp2-soapcpp2.o `test -f 'soapcpp2.c' || echo './'`soapcpp2.c
mv -f .deps/soapcpp2-init2.Tpo .deps/soapcpp2-init2.Po
gcc -DHAVE_CONFIG_H -I. -I../..    -DWITH_BISON -DWITH_FLEX  -DSOAPCPP2_IMPORT_PATH="\"/home/nlj/workspace1/P000_rk3576_zs/project_root/platform/x86/bsp/gsoap/share/gsoap/import\"" -DLINUX -g -O2 -MT soapcpp2-soapcpp2_lex.o -MD -MP -MF .deps/soapcpp2-soapcpp2_lex.Tpo -c -o soapcpp2-soapcpp2_lex.o `test -f 'soapcpp2_lex.c' || echo './'`soapcpp2_lex.c
mv -f .deps/soapcpp2-soapcpp2.Tpo .deps/soapcpp2-soapcpp2.Po
mv -f .deps/soapcpp2-soapcpp2_lex.Tpo .deps/soapcpp2-soapcpp2_lex.Po
mv -f .deps/soapcpp2-soapcpp2_yacc.Tpo .deps/soapcpp2-soapcpp2_yacc.Po
mv -f .deps/soapcpp2-symbol2.Tpo .deps/soapcpp2-symbol2.Po
gcc -DWITH_BISON -DWITH_FLEX  -DSOAPCPP2_IMPORT_PATH="\"/home/nlj/workspace1/P000_rk3576_zs/project_root/platform/x86/bsp/gsoap/share/gsoap/import\"" -DLINUX -g -O2   -o soapcpp2 soapcpp2-soapcpp2_yacc.o soapcpp2-soapcpp2_lex.o soapcpp2-symbol2.o soapcpp2-error2.o soapcpp2-init2.o soapcpp2-soapcpp2.o  -ll  
make[5]: Leaving directory '/home/nlj/workspace1/P000_rk3576_zs/project_root/temp/gsoap-2.8/gsoap/src'
make[4]: Leaving directory '/home/nlj/workspace1/P000_rk3576_zs/project_root/temp/gsoap-2.8/gsoap/src'
Making all in wsdl
make[4]: Entering directory '/home/nlj/workspace1/P000_rk3576_zs/project_root/temp/gsoap-2.8/gsoap/wsdl'
../../gsoap/src/soapcpp2 -SC -pwsdl -I../../gsoap/wsdl -I../../gsoap/import ../../gsoap/wsdl/wsdl.h
soapcpp2: using both options -C and -S omits client/server code

**  The gSOAP code generator for C and C++, soapcpp2 release 2.8.131
**  Copyright (C) 2000-2023 Genivia Inc. All Rights Reserved.
**  The soapcpp2 tool and its generated software are released under the GPL.
**  ----------------------------------------------------------------------------
**  A commercial use license is available from Genivia Inc., contact@genivia.com
**  ----------------------------------------------------------------------------

Saving wsdlStub.h annotated copy of the source interface header file
Saving wsdlH.h serialization functions to #include in projects
Saving xmime.nsmap namespace mapping table
Saving wsdlC.cpp serialization functions

Compilation successful 

make  all-am
make[5]: Entering directory '/home/nlj/workspace1/P000_rk3576_zs/project_root/temp/gsoap-2.8/gsoap/wsdl'
g++ -DHAVE_CONFIG_H -I. -I../..  -I../../gsoap -I../../gsoap/plugin  -DLINUX     -I/home/nlj/workspace1/P000_rk3576_zs/project_root/platform/x86/bsp/openssl/include -DWITH_OPENSSL -DWITH_GZIP -DWSDL2H_IMPORT_PATH="\"/home/nlj/workspace1/P000_rk3576_zs/project_root/platform/x86/bsp/gsoap/share/gsoap/WS\"" -g -O2 -MT wsdl2h-wsdl2h.o -MD -MP -MF .deps/wsdl2h-wsdl2h.Tpo -c -o wsdl2h-wsdl2h.o `test -f 'wsdl2h.cpp' || echo './'`wsdl2h.cpp
g++ -DHAVE_CONFIG_H -I. -I../..  -I../../gsoap -I../../gsoap/plugin  -DLINUX     -I/home/nlj/workspace1/P000_rk3576_zs/project_root/platform/x86/bsp/openssl/include -DWITH_OPENSSL -DWITH_GZIP -DWSDL2H_IMPORT_PATH="\"/home/nlj/workspace1/P000_rk3576_zs/project_root/platform/x86/bsp/gsoap/share/gsoap/WS\"" -g -O2 -MT wsdl2h-wsdl.o -MD -MP -MF .deps/wsdl2h-wsdl.Tpo -c -o wsdl2h-wsdl.o `test -f 'wsdl.cpp' || echo './'`wsdl.cpp
g++ -DHAVE_CONFIG_H -I. -I../..  -I../../gsoap -I../../gsoap/plugin  -DLINUX     -I/home/nlj/workspace1/P000_rk3576_zs/project_root/platform/x86/bsp/openssl/include -DWITH_OPENSSL -DWITH_GZIP -DWSDL2H_IMPORT_PATH="\"/home/nlj/workspace1/P000_rk3576_zs/project_root/platform/x86/bsp/gsoap/share/gsoap/WS\"" -g -O2 -MT wsdl2h-wadl.o -MD -MP -MF .deps/wsdl2h-wadl.Tpo -c -o wsdl2h-wadl.o `test -f 'wadl.cpp' || echo './'`wadl.cpp
g++ -DHAVE_CONFIG_H -I. -I../..  -I../../gsoap -I../../gsoap/plugin  -DLINUX     -I/home/nlj/workspace1/P000_rk3576_zs/project_root/platform/x86/bsp/openssl/include -DWITH_OPENSSL -DWITH_GZIP -DWSDL2H_IMPORT_PATH="\"/home/nlj/workspace1/P000_rk3576_zs/project_root/platform/x86/bsp/gsoap/share/gsoap/WS\"" -g -O2 -MT wsdl2h-schema.o -MD -MP -MF .deps/wsdl2h-schema.Tpo -c -o wsdl2h-schema.o `test -f 'schema.cpp' || echo './'`schema.cpp
mv -f .deps/wsdl2h-wsdl2h.Tpo .deps/wsdl2h-wsdl2h.Po
g++ -DHAVE_CONFIG_H -I. -I../..  -I../../gsoap -I../../gsoap/plugin  -DLINUX     -I/home/nlj/workspace1/P000_rk3576_zs/project_root/platform/x86/bsp/openssl/include -DWITH_OPENSSL -DWITH_GZIP -DWSDL2H_IMPORT_PATH="\"/home/nlj/workspace1/P000_rk3576_zs/project_root/platform/x86/bsp/gsoap/share/gsoap/WS\"" -g -O2 -MT wsdl2h-types.o -MD -MP -MF .deps/wsdl2h-types.Tpo -c -o wsdl2h-types.o `test -f 'types.cpp' || echo './'`types.cpp
mv -f .deps/wsdl2h-wadl.Tpo .deps/wsdl2h-wadl.Po
g++ -DHAVE_CONFIG_H -I. -I../..  -I../../gsoap -I../../gsoap/plugin  -DLINUX     -I/home/nlj/workspace1/P000_rk3576_zs/project_root/platform/x86/bsp/openssl/include -DWITH_OPENSSL -DWITH_GZIP -DWSDL2H_IMPORT_PATH="\"/home/nlj/workspace1/P000_rk3576_zs/project_root/platform/x86/bsp/gsoap/share/gsoap/WS\"" -g -O2 -MT wsdl2h-service.o -MD -MP -MF .deps/wsdl2h-service.Tpo -c -o wsdl2h-service.o `test -f 'service.cpp' || echo './'`service.cpp
mv -f .deps/wsdl2h-wsdl.Tpo .deps/wsdl2h-wsdl.Po
g++ -DHAVE_CONFIG_H -I. -I../..  -I../../gsoap -I../../gsoap/plugin  -DLINUX     -I/home/nlj/workspace1/P000_rk3576_zs/project_root/platform/x86/bsp/openssl/include -DWITH_OPENSSL -DWITH_GZIP -DWSDL2H_IMPORT_PATH="\"/home/nlj/workspace1/P000_rk3576_zs/project_root/platform/x86/bsp/gsoap/share/gsoap/WS\"" -g -O2 -MT wsdl2h-soap.o -MD -MP -MF .deps/wsdl2h-soap.Tpo -c -o wsdl2h-soap.o `test -f 'soap.cpp' || echo './'`soap.cpp
mv -f .deps/wsdl2h-schema.Tpo .deps/wsdl2h-schema.Po
g++ -DHAVE_CONFIG_H -I. -I../..  -I../../gsoap -I../../gsoap/plugin  -DLINUX     -I/home/nlj/workspace1/P000_rk3576_zs/project_root/platform/x86/bsp/openssl/include -DWITH_OPENSSL -DWITH_GZIP -DWSDL2H_IMPORT_PATH="\"/home/nlj/workspace1/P000_rk3576_zs/project_root/platform/x86/bsp/gsoap/share/gsoap/WS\"" -g -O2 -MT wsdl2h-mime.o -MD -MP -MF .deps/wsdl2h-mime.Tpo -c -o wsdl2h-mime.o `test -f 'mime.cpp' || echo './'`mime.cpp
In file included from /usr/include/stdio.h:894,
                 from ../../gsoap/stdsoap2.h:661,
                 from includes.h:37,
                 from types.h:38,
                 from service.cpp:34:
In function ‘int fprintf(FILE*, const char*, ...)’,
    inlined from ‘void page(const char*, const char*, const char*)’ at service.cpp:4362:12,
    inlined from ‘void page(const char*, const char*, const char*)’ at service.cpp:4357:13,
    inlined from ‘void gen_policy_enablers(const Service&)’ at service.cpp:4488:7,
    inlined from ‘void Service::generate(Types&)’ at service.cpp:3613:22:
/usr/include/x86_64-linux-gnu/bits/stdio2.h:105:24: warning: ‘%s’ directive argument is null [-Wformat-overflow=]
  105 |   return __fprintf_chk (__stream, __USE_FORTIFY_LEVEL - 1, __fmt,
      |          ~~~~~~~~~~~~~~^~~~~~~~~~~~~~~~~~~~~~~~~~~~~~~~~~~~~~~~~~
  106 |                         __va_arg_pack ());
      |                         ~~~~~~~~~~~~~~~~~
In function ‘int fprintf(FILE*, const char*, ...)’,
    inlined from ‘void section(const char*, const char*, const char*)’ at service.cpp:4370:12,
    inlined from ‘void section(const char*, const char*, const char*)’ at service.cpp:4365:13,
    inlined from ‘void gen_policy_enablers(const Service&)’ at service.cpp:4489:10,
    inlined from ‘void Service::generate(Types&)’ at service.cpp:3613:22:
/usr/include/x86_64-linux-gnu/bits/stdio2.h:105:24: warning: ‘%s’ directive argument is null [-Wformat-overflow=]
  105 |   return __fprintf_chk (__stream, __USE_FORTIFY_LEVEL - 1, __fmt,
      |          ~~~~~~~~~~~~~~^~~~~~~~~~~~~~~~~~~~~~~~~~~~~~~~~~~~~~~~~~
  106 |                         __va_arg_pack ());
      |                         ~~~~~~~~~~~~~~~~~
mv -f .deps/wsdl2h-soap.Tpo .deps/wsdl2h-soap.Po
g++ -DHAVE_CONFIG_H -I. -I../..  -I../../gsoap -I../../gsoap/plugin  -DLINUX     -I/home/nlj/workspace1/P000_rk3576_zs/project_root/platform/x86/bsp/openssl/include -DWITH_OPENSSL -DWITH_GZIP -DWSDL2H_IMPORT_PATH="\"/home/nlj/workspace1/P000_rk3576_zs/project_root/platform/x86/bsp/gsoap/share/gsoap/WS\"" -g -O2 -MT wsdl2h-wsp.o -MD -MP -MF .deps/wsdl2h-wsp.Tpo -c -o wsdl2h-wsp.o `test -f 'wsp.cpp' || echo './'`wsp.cpp
mv -f .deps/wsdl2h-mime.Tpo .deps/wsdl2h-mime.Po
g++ -DHAVE_CONFIG_H -I. -I../..  -I../../gsoap -I../../gsoap/plugin  -DLINUX     -I/home/nlj/workspace1/P000_rk3576_zs/project_root/platform/x86/bsp/openssl/include -DWITH_OPENSSL -DWITH_GZIP -DWSDL2H_IMPORT_PATH="\"/home/nlj/workspace1/P000_rk3576_zs/project_root/platform/x86/bsp/gsoap/share/gsoap/WS\"" -g -O2 -MT wsdl2h-bpel.o -MD -MP -MF .deps/wsdl2h-bpel.Tpo -c -o wsdl2h-bpel.o `test -f 'bpel.cpp' || echo './'`bpel.cpp
mv -f .deps/wsdl2h-types.Tpo .deps/wsdl2h-types.Po
g++ -DHAVE_CONFIG_H -I. -I../..  -I../../gsoap -I../../gsoap/plugin  -DLINUX     -I/home/nlj/workspace1/P000_rk3576_zs/project_root/platform/x86/bsp/openssl/include -DWITH_OPENSSL -DWITH_GZIP -DWSDL2H_IMPORT_PATH="\"/home/nlj/workspace1/P000_rk3576_zs/project_root/platform/x86/bsp/gsoap/share/gsoap/WS\"" -g -O2 -MT wsdl2h-wsdlC.o -MD -MP -MF .deps/wsdl2h-wsdlC.Tpo -c -o wsdl2h-wsdlC.o `test -f 'wsdlC.cpp' || echo './'`wsdlC.cpp
In function ‘int fprintf(FILE*, const char*, ...)’,
    inlined from ‘void page(const char*, const char*, const char*)’ at service.cpp:4362:12,
    inlined from ‘void page(const char*, const char*, const char*)’ at service.cpp:4357:13,
    inlined from ‘void Definitions::compile(const wsdl__definitions&)’ at service.cpp:2703:13:
/usr/include/x86_64-linux-gnu/bits/stdio2.h:105:24: warning: ‘%s’ directive argument is null [-Wformat-overflow=]
  105 |   return __fprintf_chk (__stream, __USE_FORTIFY_LEVEL - 1, __fmt,
      |          ~~~~~~~~~~~~~~^~~~~~~~~~~~~~~~~~~~~~~~~~~~~~~~~~~~~~~~~~
  106 |                         __va_arg_pack ());
      |                         ~~~~~~~~~~~~~~~~~
In function ‘int fprintf(FILE*, const char*, ...)’,
    inlined from ‘void section(const char*, const char*, const char*)’ at service.cpp:4370:12,
    inlined from ‘void section(const char*, const char*, const char*)’ at service.cpp:4365:13,
    inlined from ‘void Definitions::compile(const wsdl__definitions&)’ at service.cpp:2722:16:
/usr/include/x86_64-linux-gnu/bits/stdio2.h:105:24: warning: ‘%s’ directive argument is null [-Wformat-overflow=]
  105 |   return __fprintf_chk (__stream, __USE_FORTIFY_LEVEL - 1, __fmt,
      |          ~~~~~~~~~~~~~~^~~~~~~~~~~~~~~~~~~~~~~~~~~~~~~~~~~~~~~~~~
  106 |                         __va_arg_pack ());
      |                         ~~~~~~~~~~~~~~~~~
In function ‘int fprintf(FILE*, const char*, ...)’,
    inlined from ‘void section(const char*, const char*, const char*)’ at service.cpp:4370:12,
    inlined from ‘void section(const char*, const char*, const char*)’ at service.cpp:4365:13,
    inlined from ‘void Definitions::compile(const wsdl__definitions&)’ at service.cpp:2732:18:
/usr/include/x86_64-linux-gnu/bits/stdio2.h:105:24: warning: ‘%s’ directive argument is null [-Wformat-overflow=]
  105 |   return __fprintf_chk (__stream, __USE_FORTIFY_LEVEL - 1, __fmt,
      |          ~~~~~~~~~~~~~~^~~~~~~~~~~~~~~~~~~~~~~~~~~~~~~~~~~~~~~~~~
  106 |                         __va_arg_pack ());
      |                         ~~~~~~~~~~~~~~~~~
In function ‘int fprintf(FILE*, const char*, ...)’,
    inlined from ‘void section(const char*, const char*, const char*)’ at service.cpp:4370:12,
    inlined from ‘void section(const char*, const char*, const char*)’ at service.cpp:4365:13,
    inlined from ‘void Definitions::compile(const wsdl__definitions&)’ at service.cpp:2735:16:
/usr/include/x86_64-linux-gnu/bits/stdio2.h:105:24: warning: ‘%s’ directive argument is null [-Wformat-overflow=]
  105 |   return __fprintf_chk (__stream, __USE_FORTIFY_LEVEL - 1, __fmt,
      |          ~~~~~~~~~~~~~~^~~~~~~~~~~~~~~~~~~~~~~~~~~~~~~~~~~~~~~~~~
  106 |                         __va_arg_pack ());
      |                         ~~~~~~~~~~~~~~~~~
In function ‘int fprintf(FILE*, const char*, ...)’,
    inlined from ‘void section(const char*, const char*, const char*)’ at service.cpp:4370:12,
    inlined from ‘void section(const char*, const char*, const char*)’ at service.cpp:4365:13,
    inlined from ‘void Definitions::compile(const wsdl__definitions&)’ at service.cpp:2740:18:
/usr/include/x86_64-linux-gnu/bits/stdio2.h:105:24: warning: ‘%s’ directive argument is null [-Wformat-overflow=]
  105 |   return __fprintf_chk (__stream, __USE_FORTIFY_LEVEL - 1, __fmt,
      |          ~~~~~~~~~~~~~~^~~~~~~~~~~~~~~~~~~~~~~~~~~~~~~~~~~~~~~~~~
  106 |                         __va_arg_pack ());
      |                         ~~~~~~~~~~~~~~~~~
mv -f .deps/wsdl2h-wsp.Tpo .deps/wsdl2h-wsp.Po
gcc -DHAVE_CONFIG_H -I. -I../..  -I../../gsoap -I../../gsoap/plugin  -DLINUX     -I/home/nlj/workspace1/P000_rk3576_zs/project_root/platform/x86/bsp/openssl/include -DWITH_OPENSSL -DWITH_GZIP -g -O2 -MT wsdl2h-httpda.o -MD -MP -MF .deps/wsdl2h-httpda.Tpo -c -o wsdl2h-httpda.o `test -f '../../gsoap/plugin/httpda.c' || echo './'`../../gsoap/plugin/httpda.c
mv -f .deps/wsdl2h-httpda.Tpo .deps/wsdl2h-httpda.Po
gcc -DHAVE_CONFIG_H -I. -I../..  -I../../gsoap -I../../gsoap/plugin  -DLINUX     -I/home/nlj/workspace1/P000_rk3576_zs/project_root/platform/x86/bsp/openssl/include -DWITH_OPENSSL -DWITH_GZIP -g -O2 -MT wsdl2h-smdevp.o -MD -MP -MF .deps/wsdl2h-smdevp.Tpo -c -o wsdl2h-smdevp.o `test -f '../../gsoap/plugin/smdevp.c' || echo './'`../../gsoap/plugin/smdevp.c
mv -f .deps/wsdl2h-smdevp.Tpo .deps/wsdl2h-smdevp.Po
mv -f .deps/wsdl2h-bpel.Tpo .deps/wsdl2h-bpel.Po
mv -f .deps/wsdl2h-service.Tpo .deps/wsdl2h-service.Po
mv -f .deps/wsdl2h-wsdlC.Tpo .deps/wsdl2h-wsdlC.Po
g++    -I/home/nlj/workspace1/P000_rk3576_zs/project_root/platform/x86/bsp/openssl/include -DWITH_OPENSSL -DWITH_GZIP -DWSDL2H_IMPORT_PATH="\"/home/nlj/workspace1/P000_rk3576_zs/project_root/platform/x86/bsp/gsoap/share/gsoap/WS\"" -g -O2 -L../../gsoap/wsdl -I../../gsoap -I../../gsoap/plugin  -o wsdl2h wsdl2h-wsdl2h.o wsdl2h-wsdl.o wsdl2h-wadl.o wsdl2h-schema.o wsdl2h-types.o wsdl2h-service.o wsdl2h-soap.o wsdl2h-mime.o wsdl2h-wsp.o wsdl2h-bpel.o wsdl2h-wsdlC.o wsdl2h-httpda.o wsdl2h-smdevp.o ../../gsoap/libgsoapssl++.a -L/home/nlj/workspace1/P000_rk3576_zs/project_root/platform/x86/bsp/openssl/lib  -lssl -lcrypto -lz -lpthread 
make[5]: Leaving directory '/home/nlj/workspace1/P000_rk3576_zs/project_root/temp/gsoap-2.8/gsoap/wsdl'
make[4]: Leaving directory '/home/nlj/workspace1/P000_rk3576_zs/project_root/temp/gsoap-2.8/gsoap/wsdl'
make[3]: Leaving directory '/home/nlj/workspace1/P000_rk3576_zs/project_root/temp/gsoap-2.8/gsoap'
make[2]: Leaving directory '/home/nlj/workspace1/P000_rk3576_zs/project_root/temp/gsoap-2.8/gsoap'
make[1]: Leaving directory '/home/nlj/workspace1/P000_rk3576_zs/project_root/temp/gsoap-2.8'
